{"C:\\Users\\servi\\OneDrive\\Desktop\\Ecommerce\\vite-react\\backend\\app.js": {"path":"C:\\Users\\servi\\OneDrive\\Desktop\\Ecommerce\\vite-react\\backend\\app.js","statementMap":{"0":{"start":{"line":12,"column":0},"end":{"line":12,"column":15}},"1":{"start":{"line":13,"column":12},"end":{"line":13,"column":21}},"2":{"start":{"line":14,"column":12},"end":{"line":14,"column":28}},"3":{"start":{"line":18,"column":0},"end":{"line":18,"column":23}},"4":{"start":{"line":19,"column":0},"end":{"line":22,"column":4}},"5":{"start":{"line":25,"column":0},"end":{"line":25,"column":23}},"6":{"start":{"line":26,"column":0},"end":{"line":26,"column":31}},"7":{"start":{"line":27,"column":0},"end":{"line":27,"column":49}},"8":{"start":{"line":28,"column":0},"end":{"line":28,"column":37}},"9":{"start":{"line":29,"column":0},"end":{"line":29,"column":57}},"10":{"start":{"line":30,"column":0},"end":{"line":30,"column":60}},"11":{"start":{"line":31,"column":0},"end":{"line":31,"column":29}}},"fnMap":{},"branchMap":{},"s":{"0":1,"1":1,"2":1,"3":1,"4":1,"5":1,"6":1,"7":1,"8":1,"9":1,"10":1,"11":1},"f":{},"b":{},"inputSourceMap":null,"_coverageSchema":"1a1c01bbd47fc00a2c39e90264f33305004495a9","hash":"3a5e2456dc0a9db0432178fc06bf93d5ad0cbe72"}
,"C:\\Users\\servi\\OneDrive\\Desktop\\Ecommerce\\vite-react\\backend\\config\\db.js": {"path":"C:\\Users\\servi\\OneDrive\\Desktop\\Ecommerce\\vite-react\\backend\\config\\db.js","statementMap":{"0":{"start":{"line":5,"column":2},"end":{"line":10,"column":3}},"1":{"start":{"line":6,"column":4},"end":{"line":6,"column":45}},"2":{"start":{"line":7,"column":4},"end":{"line":7,"column":37}},"3":{"start":{"line":9,"column":4},"end":{"line":9,"column":63}}},"fnMap":{"0":{"name":"DbConnection","decl":{"start":{"line":4,"column":22},"end":{"line":4,"column":34}},"loc":{"start":{"line":4,"column":53},"end":{"line":11,"column":1}},"line":4}},"branchMap":{},"s":{"0":1,"1":1,"2":1,"3":0},"f":{"0":1},"b":{},"inputSourceMap":null,"_coverageSchema":"1a1c01bbd47fc00a2c39e90264f33305004495a9","hash":"f5a844bafe0d6dacf8fe963c0d91571966070e83"}
,"C:\\Users\\servi\\OneDrive\\Desktop\\Ecommerce\\vite-react\\backend\\config\\localDB.js": {"path":"C:\\Users\\servi\\OneDrive\\Desktop\\Ecommerce\\vite-react\\backend\\config\\localDB.js","statementMap":{"0":{"start":{"line":1,"column":19},"end":{"line":35,"column":3}},"1":{"start":{"line":37,"column":26},"end":{"line":259,"column":1}}},"fnMap":{},"branchMap":{},"s":{"0":1,"1":1},"f":{},"b":{},"inputSourceMap":null,"_coverageSchema":"1a1c01bbd47fc00a2c39e90264f33305004495a9","hash":"7ec3c0f00363493bc5e7b7531c596205b7f50c21"}
,"C:\\Users\\servi\\OneDrive\\Desktop\\Ecommerce\\vite-react\\backend\\config\\seedItems.js": {"path":"C:\\Users\\servi\\OneDrive\\Desktop\\Ecommerce\\vite-react\\backend\\config\\seedItems.js","statementMap":{"0":{"start":{"line":5,"column":16},"end":{"line":5,"column":46}},"1":{"start":{"line":6,"column":2},"end":{"line":11,"column":3}},"2":{"start":{"line":7,"column":4},"end":{"line":7,"column":39}},"3":{"start":{"line":8,"column":4},"end":{"line":8,"column":36}},"4":{"start":{"line":10,"column":4},"end":{"line":10,"column":49}},"5":{"start":{"line":15,"column":16},"end":{"line":15,"column":47}},"6":{"start":{"line":16,"column":2},"end":{"line":21,"column":3}},"7":{"start":{"line":17,"column":4},"end":{"line":17,"column":37}},"8":{"start":{"line":18,"column":4},"end":{"line":18,"column":33}},"9":{"start":{"line":20,"column":4},"end":{"line":20,"column":46}},"10":{"start":{"line":24,"column":17},"end":{"line":281,"column":1}},"11":{"start":{"line":283,"column":14},"end":{"line":295,"column":1}}},"fnMap":{"0":{"name":"seedProducts","decl":{"start":{"line":4,"column":22},"end":{"line":4,"column":34}},"loc":{"start":{"line":4,"column":37},"end":{"line":12,"column":1}},"line":4},"1":{"name":"seedUsers","decl":{"start":{"line":14,"column":22},"end":{"line":14,"column":31}},"loc":{"start":{"line":14,"column":34},"end":{"line":22,"column":1}},"line":14}},"branchMap":{"0":{"loc":{"start":{"line":6,"column":2},"end":{"line":11,"column":3}},"type":"if","locations":[{"start":{"line":6,"column":2},"end":{"line":11,"column":3}},{"start":{"line":9,"column":9},"end":{"line":11,"column":3}}],"line":6},"1":{"loc":{"start":{"line":16,"column":2},"end":{"line":21,"column":3}},"type":"if","locations":[{"start":{"line":16,"column":2},"end":{"line":21,"column":3}},{"start":{"line":19,"column":9},"end":{"line":21,"column":3}}],"line":16}},"s":{"0":0,"1":0,"2":0,"3":0,"4":0,"5":0,"6":0,"7":0,"8":0,"9":0,"10":1,"11":1},"f":{"0":0,"1":0},"b":{"0":[0,0],"1":[0,0]},"inputSourceMap":null,"_coverageSchema":"1a1c01bbd47fc00a2c39e90264f33305004495a9","hash":"c87e64f2610d96d1cfdb4b0c83a0240ed21aa94a"}
,"C:\\Users\\servi\\OneDrive\\Desktop\\Ecommerce\\vite-react\\backend\\controllers\\adminController.js": {"path":"C:\\Users\\servi\\OneDrive\\Desktop\\Ecommerce\\vite-react\\backend\\controllers\\adminController.js","statementMap":{"0":{"start":{"line":4,"column":2},"end":{"line":12,"column":3}},"1":{"start":{"line":5,"column":21},"end":{"line":5,"column":41}},"2":{"start":{"line":6,"column":4},"end":{"line":6,"column":54}},"3":{"start":{"line":8,"column":4},"end":{"line":8,"column":61}},"4":{"start":{"line":9,"column":4},"end":{"line":11,"column":73}},"5":{"start":{"line":16,"column":2},"end":{"line":56,"column":3}},"6":{"start":{"line":29,"column":8},"end":{"line":29,"column":16}},"7":{"start":{"line":31,"column":23},"end":{"line":43,"column":5}},"8":{"start":{"line":45,"column":4},"end":{"line":45,"column":49}},"9":{"start":{"line":47,"column":27},"end":{"line":47,"column":59}},"10":{"start":{"line":50,"column":4},"end":{"line":50,"column":41}},"11":{"start":{"line":52,"column":4},"end":{"line":52,"column":52}},"12":{"start":{"line":53,"column":4},"end":{"line":55,"column":75}},"13":{"start":{"line":60,"column":18},"end":{"line":60,"column":26}},"14":{"start":{"line":62,"column":17},"end":{"line":62,"column":79}},"15":{"start":{"line":62,"column":46},"end":{"line":62,"column":78}},"16":{"start":{"line":64,"column":2},"end":{"line":71,"column":3}},"17":{"start":{"line":65,"column":4},"end":{"line":65,"column":31}},"18":{"start":{"line":66,"column":4},"end":{"line":66,"column":42}},"19":{"start":{"line":67,"column":4},"end":{"line":67,"column":35}},"20":{"start":{"line":69,"column":4},"end":{"line":69,"column":49}},"21":{"start":{"line":70,"column":4},"end":{"line":70,"column":54}},"22":{"start":{"line":75,"column":18},"end":{"line":75,"column":26}},"23":{"start":{"line":76,"column":18},"end":{"line":76,"column":67}},"24":{"start":{"line":76,"column":42},"end":{"line":76,"column":66}},"25":{"start":{"line":78,"column":2},"end":{"line":82,"column":3}},"26":{"start":{"line":79,"column":4},"end":{"line":81,"column":5}},"27":{"start":{"line":80,"column":6},"end":{"line":80,"column":34}},"28":{"start":{"line":84,"column":2},"end":{"line":84,"column":32}}},"fnMap":{"0":{"name":"getAllProducts","decl":{"start":{"line":3,"column":22},"end":{"line":3,"column":36}},"loc":{"start":{"line":3,"column":47},"end":{"line":13,"column":1}},"line":3},"1":{"name":"addNewProduct","decl":{"start":{"line":15,"column":22},"end":{"line":15,"column":35}},"loc":{"start":{"line":15,"column":46},"end":{"line":57,"column":1}},"line":15},"2":{"name":"removeProduct","decl":{"start":{"line":59,"column":22},"end":{"line":59,"column":35}},"loc":{"start":{"line":59,"column":46},"end":{"line":72,"column":1}},"line":59},"3":{"name":"(anonymous_3)","decl":{"start":{"line":62,"column":36},"end":{"line":62,"column":37}},"loc":{"start":{"line":62,"column":46},"end":{"line":62,"column":78}},"line":62},"4":{"name":"updateProduct","decl":{"start":{"line":74,"column":22},"end":{"line":74,"column":35}},"loc":{"start":{"line":74,"column":46},"end":{"line":85,"column":1}},"line":74},"5":{"name":"(anonymous_5)","decl":{"start":{"line":76,"column":32},"end":{"line":76,"column":33}},"loc":{"start":{"line":76,"column":42},"end":{"line":76,"column":66}},"line":76}},"branchMap":{"0":{"loc":{"start":{"line":64,"column":2},"end":{"line":71,"column":3}},"type":"if","locations":[{"start":{"line":64,"column":2},"end":{"line":71,"column":3}},{"start":{"line":68,"column":9},"end":{"line":71,"column":3}}],"line":64},"1":{"loc":{"start":{"line":79,"column":4},"end":{"line":81,"column":5}},"type":"if","locations":[{"start":{"line":79,"column":4},"end":{"line":81,"column":5}},{"start":{},"end":{}}],"line":79},"2":{"loc":{"start":{"line":79,"column":8},"end":{"line":79,"column":59}},"type":"binary-expr","locations":[{"start":{"line":79,"column":8},"end":{"line":79,"column":34}},{"start":{"line":79,"column":38},"end":{"line":79,"column":59}}],"line":79}},"s":{"0":0,"1":0,"2":0,"3":0,"4":0,"5":0,"6":0,"7":0,"8":0,"9":0,"10":0,"11":0,"12":0,"13":0,"14":0,"15":0,"16":0,"17":0,"18":0,"19":0,"20":0,"21":0,"22":0,"23":0,"24":0,"25":0,"26":0,"27":0,"28":0},"f":{"0":0,"1":0,"2":0,"3":0,"4":0,"5":0},"b":{"0":[0,0],"1":[0,0],"2":[0,0]},"inputSourceMap":null,"_coverageSchema":"1a1c01bbd47fc00a2c39e90264f33305004495a9","hash":"1ccb12585a833766e5cfee59fb2e90184c43d2b5"}
,"C:\\Users\\servi\\OneDrive\\Desktop\\Ecommerce\\vite-react\\backend\\controllers\\authController.js": {"path":"C:\\Users\\servi\\OneDrive\\Desktop\\Ecommerce\\vite-react\\backend\\controllers\\authController.js","statementMap":{"0":{"start":{"line":7,"column":0},"end":{"line":7,"column":15}},"1":{"start":{"line":13,"column":4},"end":{"line":13,"column":25}},"2":{"start":{"line":14,"column":6},"end":{"line":36,"column":5}},"3":{"start":{"line":14,"column":66},"end":{"line":14,"column":85}},"4":{"start":{"line":17,"column":8},"end":{"line":35,"column":5}},"5":{"start":{"line":18,"column":30},"end":{"line":18,"column":67}},"6":{"start":{"line":19,"column":24},"end":{"line":24,"column":10}},"7":{"start":{"line":27,"column":8},"end":{"line":27,"column":24}},"8":{"start":{"line":28,"column":8},"end":{"line":30,"column":10}},"9":{"start":{"line":33,"column":8},"end":{"line":33,"column":35}},"10":{"start":{"line":41,"column":1},"end":{"line":97,"column":2}},"11":{"start":{"line":42,"column":4},"end":{"line":44,"column":5}},"12":{"start":{"line":43,"column":8},"end":{"line":43,"column":78}},"13":{"start":{"line":46,"column":18},"end":{"line":46,"column":32}},"14":{"start":{"line":47,"column":26},"end":{"line":47,"column":43}},"15":{"start":{"line":50,"column":27},"end":{"line":50,"column":72}},"16":{"start":{"line":50,"column":51},"end":{"line":50,"column":71}},"17":{"start":{"line":52,"column":4},"end":{"line":55,"column":5}},"18":{"start":{"line":53,"column":8},"end":{"line":53,"column":64}},"19":{"start":{"line":56,"column":27},"end":{"line":56,"column":46}},"20":{"start":{"line":58,"column":26},"end":{"line":58,"column":75}},"21":{"start":{"line":59,"column":4},"end":{"line":90,"column":5}},"22":{"start":{"line":60,"column":8},"end":{"line":60,"column":78}},"23":{"start":{"line":63,"column":23},"end":{"line":67,"column":9}},"24":{"start":{"line":71,"column":8},"end":{"line":76,"column":10}},"25":{"start":{"line":80,"column":8},"end":{"line":80,"column":67}},"26":{"start":{"line":83,"column":9},"end":{"line":83,"column":63}},"27":{"start":{"line":85,"column":8},"end":{"line":88,"column":11}},"28":{"start":{"line":96,"column":4},"end":{"line":96,"column":31}},"29":{"start":{"line":104,"column":4},"end":{"line":108,"column":6}},"30":{"start":{"line":110,"column":4},"end":{"line":110,"column":56}},"31":{"start":{"line":116,"column":20},"end":{"line":116,"column":41}},"32":{"start":{"line":118,"column":4},"end":{"line":118,"column":28}},"33":{"start":{"line":124,"column":25},"end":{"line":124,"column":46}},"34":{"start":{"line":125,"column":4},"end":{"line":125,"column":80}},"35":{"start":{"line":125,"column":21},"end":{"line":125,"column":80}},"36":{"start":{"line":128,"column":4},"end":{"line":139,"column":6}},"37":{"start":{"line":129,"column":8},"end":{"line":138,"column":13}},"38":{"start":{"line":129,"column":16},"end":{"line":129,"column":82}},"39":{"start":{"line":132,"column":32},"end":{"line":135,"column":18}},"40":{"start":{"line":136,"column":39},"end":{"line":136,"column":67}},"41":{"start":{"line":137,"column":16},"end":{"line":137,"column":70}},"42":{"start":{"line":144,"column":16},"end":{"line":144,"column":39}},"43":{"start":{"line":145,"column":2},"end":{"line":147,"column":3}},"44":{"start":{"line":146,"column":4},"end":{"line":146,"column":67}},"45":{"start":{"line":149,"column":2},"end":{"line":155,"column":3}},"46":{"start":{"line":150,"column":17},"end":{"line":150,"column":58}},"47":{"start":{"line":151,"column":4},"end":{"line":151,"column":42}},"48":{"start":{"line":153,"column":4},"end":{"line":153,"column":58}},"49":{"start":{"line":154,"column":4},"end":{"line":154,"column":73}}},"fnMap":{"0":{"name":"RegisterUser","decl":{"start":{"line":12,"column":22},"end":{"line":12,"column":34}},"loc":{"start":{"line":12,"column":43},"end":{"line":37,"column":1}},"line":12},"1":{"name":"LoginUser","decl":{"start":{"line":40,"column":22},"end":{"line":40,"column":31}},"loc":{"start":{"line":40,"column":40},"end":{"line":100,"column":1}},"line":40},"2":{"name":"(anonymous_2)","decl":{"start":{"line":50,"column":41},"end":{"line":50,"column":42}},"loc":{"start":{"line":50,"column":51},"end":{"line":50,"column":71}},"line":50},"3":{"name":"CookieCreation","decl":{"start":{"line":69,"column":17},"end":{"line":69,"column":31}},"loc":{"start":{"line":69,"column":49},"end":{"line":78,"column":9}},"line":69},"4":{"name":"LogoutUser","decl":{"start":{"line":102,"column":22},"end":{"line":102,"column":32}},"loc":{"start":{"line":102,"column":41},"end":{"line":112,"column":1}},"line":102},"5":{"name":"ShowAllUsers","decl":{"start":{"line":113,"column":22},"end":{"line":113,"column":34}},"loc":{"start":{"line":113,"column":43},"end":{"line":120,"column":1}},"line":113},"6":{"name":"generateNewAccessToken","decl":{"start":{"line":122,"column":16},"end":{"line":122,"column":38}},"loc":{"start":{"line":122,"column":47},"end":{"line":141,"column":1}},"line":122},"7":{"name":"(anonymous_7)","decl":{"start":{"line":128,"column":56},"end":{"line":128,"column":57}},"loc":{"start":{"line":128,"column":68},"end":{"line":139,"column":5}},"line":128},"8":{"name":"Me","decl":{"start":{"line":143,"column":16},"end":{"line":143,"column":18}},"loc":{"start":{"line":143,"column":29},"end":{"line":156,"column":1}},"line":143}},"branchMap":{"0":{"loc":{"start":{"line":14,"column":6},"end":{"line":36,"column":5}},"type":"if","locations":[{"start":{"line":14,"column":6},"end":{"line":36,"column":5}},{"start":{"line":15,"column":8},"end":{"line":36,"column":5}}],"line":14},"1":{"loc":{"start":{"line":14,"column":9},"end":{"line":14,"column":64}},"type":"binary-expr","locations":[{"start":{"line":14,"column":9},"end":{"line":14,"column":23}},{"start":{"line":14,"column":27},"end":{"line":14,"column":42}},{"start":{"line":14,"column":46},"end":{"line":14,"column":64}}],"line":14},"2":{"loc":{"start":{"line":42,"column":4},"end":{"line":44,"column":5}},"type":"if","locations":[{"start":{"line":42,"column":4},"end":{"line":44,"column":5}},{"start":{},"end":{}}],"line":42},"3":{"loc":{"start":{"line":42,"column":7},"end":{"line":42,"column":44}},"type":"binary-expr","locations":[{"start":{"line":42,"column":7},"end":{"line":42,"column":22}},{"start":{"line":42,"column":26},"end":{"line":42,"column":44}}],"line":42},"4":{"loc":{"start":{"line":52,"column":4},"end":{"line":55,"column":5}},"type":"if","locations":[{"start":{"line":52,"column":4},"end":{"line":55,"column":5}},{"start":{},"end":{}}],"line":52},"5":{"loc":{"start":{"line":59,"column":4},"end":{"line":90,"column":5}},"type":"if","locations":[{"start":{"line":59,"column":4},"end":{"line":90,"column":5}},{"start":{"line":61,"column":9},"end":{"line":90,"column":5}}],"line":59},"6":{"loc":{"start":{"line":125,"column":4},"end":{"line":125,"column":80}},"type":"if","locations":[{"start":{"line":125,"column":4},"end":{"line":125,"column":80}},{"start":{},"end":{}}],"line":125},"7":{"loc":{"start":{"line":129,"column":8},"end":{"line":138,"column":13}},"type":"if","locations":[{"start":{"line":129,"column":8},"end":{"line":138,"column":13}},{"start":{"line":130,"column":16},"end":{"line":138,"column":13}}],"line":129},"8":{"loc":{"start":{"line":145,"column":2},"end":{"line":147,"column":3}},"type":"if","locations":[{"start":{"line":145,"column":2},"end":{"line":147,"column":3}},{"start":{},"end":{}}],"line":145}},"s":{"0":1,"1":0,"2":0,"3":0,"4":0,"5":0,"6":0,"7":0,"8":0,"9":0,"10":0,"11":0,"12":0,"13":0,"14":0,"15":0,"16":0,"17":0,"18":0,"19":0,"20":0,"21":0,"22":0,"23":0,"24":0,"25":0,"26":0,"27":0,"28":0,"29":0,"30":0,"31":0,"32":0,"33":0,"34":0,"35":0,"36":0,"37":0,"38":0,"39":0,"40":0,"41":0,"42":0,"43":0,"44":0,"45":0,"46":0,"47":0,"48":0,"49":0},"f":{"0":0,"1":0,"2":0,"3":0,"4":0,"5":0,"6":0,"7":0,"8":0},"b":{"0":[0,0],"1":[0,0,0],"2":[0,0],"3":[0,0],"4":[0,0],"5":[0,0],"6":[0,0],"7":[0,0],"8":[0,0]},"inputSourceMap":null,"_coverageSchema":"1a1c01bbd47fc00a2c39e90264f33305004495a9","hash":"d04e3f84709cec55541ee1c0bfbe09b3d3427552"}
,"C:\\Users\\servi\\OneDrive\\Desktop\\Ecommerce\\vite-react\\backend\\controllers\\cartController.js": {"path":"C:\\Users\\servi\\OneDrive\\Desktop\\Ecommerce\\vite-react\\backend\\controllers\\cartController.js","statementMap":{"0":{"start":{"line":3,"column":13},"end":{"line":3,"column":14}},"1":{"start":{"line":6,"column":17},"end":{"line":6,"column":25}},"2":{"start":{"line":7,"column":17},"end":{"line":7,"column":28}},"3":{"start":{"line":9,"column":22},"end":{"line":9,"column":58}},"4":{"start":{"line":9,"column":38},"end":{"line":9,"column":57}},"5":{"start":{"line":10,"column":2},"end":{"line":12,"column":3}},"6":{"start":{"line":11,"column":4},"end":{"line":11,"column":63}},"7":{"start":{"line":14,"column":19},"end":{"line":14,"column":41}},"8":{"start":{"line":16,"column":23},"end":{"line":16,"column":62}},"9":{"start":{"line":16,"column":45},"end":{"line":16,"column":61}},"10":{"start":{"line":18,"column":2},"end":{"line":22,"column":3}},"11":{"start":{"line":19,"column":4},"end":{"line":19,"column":29}},"12":{"start":{"line":21,"column":4},"end":{"line":21,"column":36}},"13":{"start":{"line":25,"column":2},"end":{"line":25,"column":46}},"14":{"start":{"line":28,"column":2},"end":{"line":58,"column":3}},"15":{"start":{"line":29,"column":21},"end":{"line":29,"column":29}},"16":{"start":{"line":30,"column":21},"end":{"line":30,"column":32}},"17":{"start":{"line":31,"column":27},"end":{"line":31,"column":63}},"18":{"start":{"line":31,"column":43},"end":{"line":31,"column":62}},"19":{"start":{"line":32,"column":8},"end":{"line":34,"column":3}},"20":{"start":{"line":33,"column":4},"end":{"line":33,"column":63}},"21":{"start":{"line":36,"column":19},"end":{"line":36,"column":41}},"22":{"start":{"line":38,"column":23},"end":{"line":38,"column":62}},"23":{"start":{"line":38,"column":45},"end":{"line":38,"column":61}},"24":{"start":{"line":40,"column":2},"end":{"line":54,"column":5}},"25":{"start":{"line":41,"column":4},"end":{"line":41,"column":28}},"26":{"start":{"line":42,"column":4},"end":{"line":42,"column":47}},"27":{"start":{"line":45,"column":19},"end":{"line":45,"column":41}},"28":{"start":{"line":48,"column":22},"end":{"line":48,"column":63}},"29":{"start":{"line":48,"column":46},"end":{"line":48,"column":62}},"30":{"start":{"line":51,"column":2},"end":{"line":51,"column":33}},"31":{"start":{"line":53,"column":2},"end":{"line":53,"column":53}},"32":{"start":{"line":57,"column":4},"end":{"line":57,"column":33}},"33":{"start":{"line":61,"column":18},"end":{"line":61,"column":26}},"34":{"start":{"line":62,"column":17},"end":{"line":62,"column":28}},"35":{"start":{"line":65,"column":22},"end":{"line":65,"column":58}},"36":{"start":{"line":65,"column":38},"end":{"line":65,"column":57}},"37":{"start":{"line":67,"column":2},"end":{"line":69,"column":3}},"38":{"start":{"line":68,"column":4},"end":{"line":68,"column":63}},"39":{"start":{"line":72,"column":19},"end":{"line":72,"column":41}},"40":{"start":{"line":75,"column":22},"end":{"line":75,"column":63}},"41":{"start":{"line":75,"column":46},"end":{"line":75,"column":62}},"42":{"start":{"line":78,"column":2},"end":{"line":78,"column":33}},"43":{"start":{"line":81,"column":2},"end":{"line":81,"column":53}},"44":{"start":{"line":85,"column":19},"end":{"line":85,"column":30}},"45":{"start":{"line":86,"column":24},"end":{"line":86,"column":60}},"46":{"start":{"line":86,"column":40},"end":{"line":86,"column":59}},"47":{"start":{"line":88,"column":2},"end":{"line":90,"column":3}},"48":{"start":{"line":89,"column":4},"end":{"line":89,"column":63}},"49":{"start":{"line":91,"column":5},"end":{"line":91,"column":26}},"50":{"start":{"line":93,"column":6},"end":{"line":93,"column":57}},"51":{"start":{"line":101,"column":13},"end":{"line":101,"column":15}},"52":{"start":{"line":102,"column":18},"end":{"line":102,"column":20}},"53":{"start":{"line":103,"column":17},"end":{"line":103,"column":19}},"54":{"start":{"line":105,"column":17},"end":{"line":105,"column":28}},"55":{"start":{"line":106,"column":22},"end":{"line":106,"column":58}},"56":{"start":{"line":106,"column":38},"end":{"line":106,"column":57}},"57":{"start":{"line":107,"column":2},"end":{"line":109,"column":3}},"58":{"start":{"line":108,"column":4},"end":{"line":108,"column":63}},"59":{"start":{"line":110,"column":19},"end":{"line":110,"column":41}},"60":{"start":{"line":112,"column":2},"end":{"line":115,"column":4}},"61":{"start":{"line":113,"column":6},"end":{"line":113,"column":32}},"62":{"start":{"line":114,"column":6},"end":{"line":114,"column":34}},"63":{"start":{"line":117,"column":2},"end":{"line":129,"column":4}},"64":{"start":{"line":119,"column":18},"end":{"line":119,"column":66}},"65":{"start":{"line":119,"column":46},"end":{"line":119,"column":65}},"66":{"start":{"line":120,"column":23},"end":{"line":120,"column":40}},"67":{"start":{"line":121,"column":4},"end":{"line":121,"column":49}},"68":{"start":{"line":122,"column":4},"end":{"line":122,"column":25}},"69":{"start":{"line":123,"column":19},"end":{"line":123,"column":46}},"70":{"start":{"line":124,"column":4},"end":{"line":124,"column":23}},"71":{"start":{"line":126,"column":4},"end":{"line":126,"column":23}},"72":{"start":{"line":131,"column":2},"end":{"line":131,"column":56}}},"fnMap":{"0":{"name":"AddToCart","decl":{"start":{"line":4,"column":22},"end":{"line":4,"column":31}},"loc":{"start":{"line":4,"column":42},"end":{"line":26,"column":1}},"line":4},"1":{"name":"(anonymous_1)","decl":{"start":{"line":9,"column":30},"end":{"line":9,"column":31}},"loc":{"start":{"line":9,"column":38},"end":{"line":9,"column":57}},"line":9},"2":{"name":"(anonymous_2)","decl":{"start":{"line":16,"column":37},"end":{"line":16,"column":38}},"loc":{"start":{"line":16,"column":45},"end":{"line":16,"column":61}},"line":16},"3":{"name":"SubtractQuantityByOne","decl":{"start":{"line":27,"column":22},"end":{"line":27,"column":43}},"loc":{"start":{"line":27,"column":52},"end":{"line":59,"column":1}},"line":27},"4":{"name":"(anonymous_4)","decl":{"start":{"line":31,"column":35},"end":{"line":31,"column":36}},"loc":{"start":{"line":31,"column":43},"end":{"line":31,"column":62}},"line":31},"5":{"name":"(anonymous_5)","decl":{"start":{"line":38,"column":37},"end":{"line":38,"column":38}},"loc":{"start":{"line":38,"column":45},"end":{"line":38,"column":61}},"line":38},"6":{"name":"(anonymous_6)","decl":{"start":{"line":48,"column":38},"end":{"line":48,"column":39}},"loc":{"start":{"line":48,"column":46},"end":{"line":48,"column":62}},"line":48},"7":{"name":"RemoveFromCart","decl":{"start":{"line":60,"column":22},"end":{"line":60,"column":36}},"loc":{"start":{"line":60,"column":47},"end":{"line":82,"column":1}},"line":60},"8":{"name":"(anonymous_8)","decl":{"start":{"line":65,"column":30},"end":{"line":65,"column":31}},"loc":{"start":{"line":65,"column":38},"end":{"line":65,"column":57}},"line":65},"9":{"name":"(anonymous_9)","decl":{"start":{"line":75,"column":38},"end":{"line":75,"column":39}},"loc":{"start":{"line":75,"column":46},"end":{"line":75,"column":62}},"line":75},"10":{"name":"RemoveAllFromCart","decl":{"start":{"line":83,"column":22},"end":{"line":83,"column":39}},"loc":{"start":{"line":83,"column":48},"end":{"line":94,"column":1}},"line":83},"11":{"name":"(anonymous_11)","decl":{"start":{"line":86,"column":32},"end":{"line":86,"column":33}},"loc":{"start":{"line":86,"column":40},"end":{"line":86,"column":59}},"line":86},"12":{"name":"GetCartItems","decl":{"start":{"line":100,"column":23},"end":{"line":100,"column":35}},"loc":{"start":{"line":100,"column":44},"end":{"line":133,"column":1}},"line":100},"13":{"name":"(anonymous_13)","decl":{"start":{"line":106,"column":30},"end":{"line":106,"column":31}},"loc":{"start":{"line":106,"column":38},"end":{"line":106,"column":57}},"line":106},"14":{"name":"(anonymous_14)","decl":{"start":{"line":112,"column":19},"end":{"line":112,"column":20}},"loc":{"start":{"line":112,"column":27},"end":{"line":115,"column":3}},"line":112},"15":{"name":"(anonymous_15)","decl":{"start":{"line":117,"column":14},"end":{"line":117,"column":15}},"loc":{"start":{"line":117,"column":22},"end":{"line":129,"column":3}},"line":117},"16":{"name":"(anonymous_16)","decl":{"start":{"line":119,"column":34},"end":{"line":119,"column":35}},"loc":{"start":{"line":119,"column":46},"end":{"line":119,"column":65}},"line":119}},"branchMap":{"0":{"loc":{"start":{"line":10,"column":2},"end":{"line":12,"column":3}},"type":"if","locations":[{"start":{"line":10,"column":2},"end":{"line":12,"column":3}},{"start":{},"end":{}}],"line":10},"1":{"loc":{"start":{"line":14,"column":19},"end":{"line":14,"column":41}},"type":"binary-expr","locations":[{"start":{"line":14,"column":19},"end":{"line":14,"column":35}},{"start":{"line":14,"column":39},"end":{"line":14,"column":41}}],"line":14},"2":{"loc":{"start":{"line":18,"column":2},"end":{"line":22,"column":3}},"type":"if","locations":[{"start":{"line":18,"column":2},"end":{"line":22,"column":3}},{"start":{"line":20,"column":9},"end":{"line":22,"column":3}}],"line":18},"3":{"loc":{"start":{"line":32,"column":8},"end":{"line":34,"column":3}},"type":"if","locations":[{"start":{"line":32,"column":8},"end":{"line":34,"column":3}},{"start":{},"end":{}}],"line":32},"4":{"loc":{"start":{"line":36,"column":19},"end":{"line":36,"column":41}},"type":"binary-expr","locations":[{"start":{"line":36,"column":19},"end":{"line":36,"column":35}},{"start":{"line":36,"column":39},"end":{"line":36,"column":41}}],"line":36},"5":{"loc":{"start":{"line":40,"column":2},"end":{"line":54,"column":5}},"type":"if","locations":[{"start":{"line":40,"column":2},"end":{"line":54,"column":5}},{"start":{"line":43,"column":9},"end":{"line":54,"column":5}}],"line":40},"6":{"loc":{"start":{"line":40,"column":6},"end":{"line":40,"column":47}},"type":"binary-expr","locations":[{"start":{"line":40,"column":6},"end":{"line":40,"column":18}},{"start":{"line":40,"column":22},"end":{"line":40,"column":47}}],"line":40},"7":{"loc":{"start":{"line":45,"column":19},"end":{"line":45,"column":41}},"type":"binary-expr","locations":[{"start":{"line":45,"column":19},"end":{"line":45,"column":35}},{"start":{"line":45,"column":39},"end":{"line":45,"column":41}}],"line":45},"8":{"loc":{"start":{"line":67,"column":2},"end":{"line":69,"column":3}},"type":"if","locations":[{"start":{"line":67,"column":2},"end":{"line":69,"column":3}},{"start":{},"end":{}}],"line":67},"9":{"loc":{"start":{"line":72,"column":19},"end":{"line":72,"column":41}},"type":"binary-expr","locations":[{"start":{"line":72,"column":19},"end":{"line":72,"column":35}},{"start":{"line":72,"column":39},"end":{"line":72,"column":41}}],"line":72},"10":{"loc":{"start":{"line":88,"column":2},"end":{"line":90,"column":3}},"type":"if","locations":[{"start":{"line":88,"column":2},"end":{"line":90,"column":3}},{"start":{},"end":{}}],"line":88},"11":{"loc":{"start":{"line":107,"column":2},"end":{"line":109,"column":3}},"type":"if","locations":[{"start":{"line":107,"column":2},"end":{"line":109,"column":3}},{"start":{},"end":{}}],"line":107},"12":{"loc":{"start":{"line":110,"column":19},"end":{"line":110,"column":41}},"type":"binary-expr","locations":[{"start":{"line":110,"column":19},"end":{"line":110,"column":35}},{"start":{"line":110,"column":39},"end":{"line":110,"column":41}}],"line":110}},"s":{"0":1,"1":0,"2":0,"3":0,"4":0,"5":0,"6":0,"7":0,"8":0,"9":0,"10":0,"11":0,"12":0,"13":0,"14":0,"15":0,"16":0,"17":0,"18":0,"19":0,"20":0,"21":0,"22":0,"23":0,"24":0,"25":0,"26":0,"27":0,"28":0,"29":0,"30":0,"31":0,"32":0,"33":0,"34":0,"35":0,"36":0,"37":0,"38":0,"39":0,"40":0,"41":0,"42":0,"43":0,"44":0,"45":0,"46":0,"47":0,"48":0,"49":0,"50":0,"51":0,"52":0,"53":0,"54":0,"55":0,"56":0,"57":0,"58":0,"59":0,"60":0,"61":0,"62":0,"63":0,"64":0,"65":0,"66":0,"67":0,"68":0,"69":0,"70":0,"71":0,"72":0},"f":{"0":0,"1":0,"2":0,"3":0,"4":0,"5":0,"6":0,"7":0,"8":0,"9":0,"10":0,"11":0,"12":0,"13":0,"14":0,"15":0,"16":0},"b":{"0":[0,0],"1":[0,0],"2":[0,0],"3":[0,0],"4":[0,0],"5":[0,0],"6":[0,0],"7":[0,0],"8":[0,0],"9":[0,0],"10":[0,0],"11":[0,0],"12":[0,0]},"inputSourceMap":null,"_coverageSchema":"1a1c01bbd47fc00a2c39e90264f33305004495a9","hash":"07f28efcab85cf329bc64320d11ad0f589868b51"}
,"C:\\Users\\servi\\OneDrive\\Desktop\\Ecommerce\\vite-react\\backend\\controllers\\likelistController.js": {"path":"C:\\Users\\servi\\OneDrive\\Desktop\\Ecommerce\\vite-react\\backend\\controllers\\likelistController.js","statementMap":{"0":{"start":{"line":5,"column":20},"end":{"line":5,"column":31}},"1":{"start":{"line":6,"column":20},"end":{"line":6,"column":28}},"2":{"start":{"line":8,"column":26},"end":{"line":8,"column":64}},"3":{"start":{"line":8,"column":48},"end":{"line":8,"column":63}},"4":{"start":{"line":9,"column":24},"end":{"line":9,"column":59}},"5":{"start":{"line":9,"column":39},"end":{"line":9,"column":58}},"6":{"start":{"line":12,"column":4},"end":{"line":42,"column":5}},"7":{"start":{"line":14,"column":24},"end":{"line":14,"column":44}},"8":{"start":{"line":16,"column":29},"end":{"line":16,"column":80}},"9":{"start":{"line":16,"column":51},"end":{"line":16,"column":79}},"10":{"start":{"line":18,"column":8},"end":{"line":36,"column":9}},"11":{"start":{"line":19,"column":12},"end":{"line":22,"column":14}},"12":{"start":{"line":25,"column":12},"end":{"line":29,"column":13}},"13":{"start":{"line":31,"column":12},"end":{"line":34,"column":10}},"14":{"start":{"line":40,"column":8},"end":{"line":40,"column":63}},"15":{"start":{"line":41,"column":8},"end":{"line":41,"column":36}},"16":{"start":{"line":49,"column":18},"end":{"line":49,"column":26}},"17":{"start":{"line":50,"column":18},"end":{"line":50,"column":29}},"18":{"start":{"line":52,"column":4},"end":{"line":70,"column":5}},"19":{"start":{"line":53,"column":29},"end":{"line":53,"column":67}},"20":{"start":{"line":53,"column":51},"end":{"line":53,"column":66}},"21":{"start":{"line":54,"column":28},"end":{"line":54,"column":63}},"22":{"start":{"line":54,"column":43},"end":{"line":54,"column":62}},"23":{"start":{"line":55,"column":27},"end":{"line":55,"column":47}},"24":{"start":{"line":58,"column":22},"end":{"line":58,"column":80}},"25":{"start":{"line":58,"column":52},"end":{"line":58,"column":79}},"26":{"start":{"line":60,"column":8},"end":{"line":62,"column":9}},"27":{"start":{"line":61,"column":12},"end":{"line":61,"column":40}},"28":{"start":{"line":64,"column":8},"end":{"line":67,"column":10}},"29":{"start":{"line":69,"column":8},"end":{"line":69,"column":59}},"30":{"start":{"line":75,"column":4},"end":{"line":88,"column":5}},"31":{"start":{"line":76,"column":23},"end":{"line":76,"column":34}},"32":{"start":{"line":78,"column":24},"end":{"line":78,"column":59}},"33":{"start":{"line":78,"column":39},"end":{"line":78,"column":58}},"34":{"start":{"line":79,"column":4},"end":{"line":79,"column":27}},"35":{"start":{"line":81,"column":4},"end":{"line":81,"column":28}},"36":{"start":{"line":82,"column":4},"end":{"line":85,"column":10}},"37":{"start":{"line":87,"column":8},"end":{"line":87,"column":62}},"38":{"start":{"line":93,"column":19},"end":{"line":93,"column":30}},"39":{"start":{"line":95,"column":24},"end":{"line":95,"column":58}},"40":{"start":{"line":95,"column":38},"end":{"line":95,"column":57}},"41":{"start":{"line":96,"column":4},"end":{"line":98,"column":10}},"42":{"start":{"line":104,"column":4},"end":{"line":115,"column":5}},"43":{"start":{"line":105,"column":21},"end":{"line":105,"column":29}},"44":{"start":{"line":107,"column":25},"end":{"line":107,"column":72}},"45":{"start":{"line":107,"column":49},"end":{"line":107,"column":71}},"46":{"start":{"line":110,"column":4},"end":{"line":110,"column":59}},"47":{"start":{"line":112,"column":4},"end":{"line":112,"column":40}},"48":{"start":{"line":114,"column":8},"end":{"line":114,"column":35}}},"fnMap":{"0":{"name":"addToLikeList","decl":{"start":{"line":4,"column":22},"end":{"line":4,"column":35}},"loc":{"start":{"line":4,"column":44},"end":{"line":45,"column":1}},"line":4},"1":{"name":"(anonymous_1)","decl":{"start":{"line":8,"column":40},"end":{"line":8,"column":41}},"loc":{"start":{"line":8,"column":48},"end":{"line":8,"column":63}},"line":8},"2":{"name":"(anonymous_2)","decl":{"start":{"line":9,"column":32},"end":{"line":9,"column":33}},"loc":{"start":{"line":9,"column":39},"end":{"line":9,"column":58}},"line":9},"3":{"name":"(anonymous_3)","decl":{"start":{"line":16,"column":43},"end":{"line":16,"column":44}},"loc":{"start":{"line":16,"column":51},"end":{"line":16,"column":79}},"line":16},"4":{"name":"removeFromLikeList","decl":{"start":{"line":48,"column":22},"end":{"line":48,"column":40}},"loc":{"start":{"line":48,"column":49},"end":{"line":71,"column":1}},"line":48},"5":{"name":"(anonymous_5)","decl":{"start":{"line":53,"column":43},"end":{"line":53,"column":44}},"loc":{"start":{"line":53,"column":51},"end":{"line":53,"column":66}},"line":53},"6":{"name":"(anonymous_6)","decl":{"start":{"line":54,"column":36},"end":{"line":54,"column":37}},"loc":{"start":{"line":54,"column":43},"end":{"line":54,"column":62}},"line":54},"7":{"name":"(anonymous_7)","decl":{"start":{"line":58,"column":45},"end":{"line":58,"column":46}},"loc":{"start":{"line":58,"column":52},"end":{"line":58,"column":79}},"line":58},"8":{"name":"removeAllFromLikeList","decl":{"start":{"line":74,"column":22},"end":{"line":74,"column":43}},"loc":{"start":{"line":74,"column":52},"end":{"line":90,"column":1}},"line":74},"9":{"name":"(anonymous_9)","decl":{"start":{"line":78,"column":32},"end":{"line":78,"column":33}},"loc":{"start":{"line":78,"column":39},"end":{"line":78,"column":58}},"line":78},"10":{"name":"getLikeList","decl":{"start":{"line":92,"column":16},"end":{"line":92,"column":27}},"loc":{"start":{"line":92,"column":36},"end":{"line":100,"column":1}},"line":92},"11":{"name":"(anonymous_11)","decl":{"start":{"line":95,"column":32},"end":{"line":95,"column":33}},"loc":{"start":{"line":95,"column":38},"end":{"line":95,"column":57}},"line":95},"12":{"name":"findItemsById","decl":{"start":{"line":102,"column":16},"end":{"line":102,"column":29}},"loc":{"start":{"line":102,"column":38},"end":{"line":117,"column":1}},"line":102},"13":{"name":"(anonymous_13)","decl":{"start":{"line":107,"column":41},"end":{"line":107,"column":42}},"loc":{"start":{"line":107,"column":49},"end":{"line":107,"column":71}},"line":107}},"branchMap":{"0":{"loc":{"start":{"line":18,"column":8},"end":{"line":36,"column":9}},"type":"if","locations":[{"start":{"line":18,"column":8},"end":{"line":36,"column":9}},{"start":{"line":23,"column":13},"end":{"line":36,"column":9}}],"line":18},"1":{"loc":{"start":{"line":60,"column":8},"end":{"line":62,"column":9}},"type":"if","locations":[{"start":{"line":60,"column":8},"end":{"line":62,"column":9}},{"start":{},"end":{}}],"line":60}},"s":{"0":0,"1":0,"2":0,"3":0,"4":0,"5":0,"6":0,"7":0,"8":0,"9":0,"10":0,"11":0,"12":0,"13":0,"14":0,"15":0,"16":0,"17":0,"18":0,"19":0,"20":0,"21":0,"22":0,"23":0,"24":0,"25":0,"26":0,"27":0,"28":0,"29":0,"30":0,"31":0,"32":0,"33":0,"34":0,"35":0,"36":0,"37":0,"38":0,"39":0,"40":0,"41":0,"42":0,"43":0,"44":0,"45":0,"46":0,"47":0,"48":0},"f":{"0":0,"1":0,"2":0,"3":0,"4":0,"5":0,"6":0,"7":0,"8":0,"9":0,"10":0,"11":0,"12":0,"13":0},"b":{"0":[0,0],"1":[0,0]},"inputSourceMap":null,"_coverageSchema":"1a1c01bbd47fc00a2c39e90264f33305004495a9","hash":"8b88d0f07512aa926abde60514665d2756b02624"}
,"C:\\Users\\servi\\OneDrive\\Desktop\\Ecommerce\\vite-react\\backend\\controllers\\product.controller.js": {"path":"C:\\Users\\servi\\OneDrive\\Desktop\\Ecommerce\\vite-react\\backend\\controllers\\product.controller.js","statementMap":{"0":{"start":{"line":4,"column":2},"end":{"line":9,"column":3}},"1":{"start":{"line":5,"column":21},"end":{"line":5,"column":41}},"2":{"start":{"line":6,"column":4},"end":{"line":6,"column":39}},"3":{"start":{"line":8,"column":4},"end":{"line":8,"column":45}},"4":{"start":{"line":13,"column":2},"end":{"line":20,"column":3}},"5":{"start":{"line":14,"column":30},"end":{"line":16,"column":5}},"6":{"start":{"line":15,"column":19},"end":{"line":15,"column":60}},"7":{"start":{"line":17,"column":4},"end":{"line":17,"column":48}},"8":{"start":{"line":19,"column":4},"end":{"line":19,"column":43}},"9":{"start":{"line":24,"column":2},"end":{"line":31,"column":3}},"10":{"start":{"line":25,"column":32},"end":{"line":27,"column":5}},"11":{"start":{"line":26,"column":19},"end":{"line":26,"column":61}},"12":{"start":{"line":28,"column":4},"end":{"line":28,"column":50}},"13":{"start":{"line":30,"column":4},"end":{"line":30,"column":45}},"14":{"start":{"line":35,"column":2},"end":{"line":42,"column":3}},"15":{"start":{"line":36,"column":28},"end":{"line":38,"column":5}},"16":{"start":{"line":37,"column":19},"end":{"line":37,"column":56}},"17":{"start":{"line":39,"column":4},"end":{"line":39,"column":46}},"18":{"start":{"line":41,"column":4},"end":{"line":41,"column":45}},"19":{"start":{"line":46,"column":2},"end":{"line":52,"column":3}},"20":{"start":{"line":47,"column":19},"end":{"line":47,"column":29}},"21":{"start":{"line":48,"column":19},"end":{"line":48,"column":71}},"22":{"start":{"line":48,"column":48},"end":{"line":48,"column":70}},"23":{"start":{"line":49,"column":4},"end":{"line":49,"column":37}},"24":{"start":{"line":51,"column":4},"end":{"line":51,"column":45}},"25":{"start":{"line":56,"column":2},"end":{"line":73,"column":3}},"26":{"start":{"line":57,"column":23},"end":{"line":57,"column":39}},"27":{"start":{"line":60,"column":4},"end":{"line":62,"column":5}},"28":{"start":{"line":61,"column":6},"end":{"line":61,"column":60}},"29":{"start":{"line":64,"column":18},"end":{"line":64,"column":45}},"30":{"start":{"line":66,"column":29},"end":{"line":68,"column":5}},"31":{"start":{"line":67,"column":6},"end":{"line":67,"column":30}},"32":{"start":{"line":70,"column":4},"end":{"line":70,"column":47}},"33":{"start":{"line":72,"column":4},"end":{"line":72,"column":53}}},"fnMap":{"0":{"name":"allProducts","decl":{"start":{"line":3,"column":22},"end":{"line":3,"column":33}},"loc":{"start":{"line":3,"column":44},"end":{"line":10,"column":1}},"line":3},"1":{"name":"flashSaleProducts","decl":{"start":{"line":12,"column":22},"end":{"line":12,"column":39}},"loc":{"start":{"line":12,"column":50},"end":{"line":21,"column":1}},"line":12},"2":{"name":"(anonymous_2)","decl":{"start":{"line":15,"column":6},"end":{"line":15,"column":7}},"loc":{"start":{"line":15,"column":19},"end":{"line":15,"column":60}},"line":15},"3":{"name":"bestSellingProducts","decl":{"start":{"line":23,"column":22},"end":{"line":23,"column":41}},"loc":{"start":{"line":23,"column":52},"end":{"line":32,"column":1}},"line":23},"4":{"name":"(anonymous_4)","decl":{"start":{"line":26,"column":6},"end":{"line":26,"column":7}},"loc":{"start":{"line":26,"column":19},"end":{"line":26,"column":61}},"line":26},"5":{"name":"exploreProducts","decl":{"start":{"line":34,"column":22},"end":{"line":34,"column":37}},"loc":{"start":{"line":34,"column":48},"end":{"line":43,"column":1}},"line":34},"6":{"name":"(anonymous_6)","decl":{"start":{"line":37,"column":6},"end":{"line":37,"column":7}},"loc":{"start":{"line":37,"column":19},"end":{"line":37,"column":56}},"line":37},"7":{"name":"fetchById","decl":{"start":{"line":45,"column":16},"end":{"line":45,"column":25}},"loc":{"start":{"line":45,"column":36},"end":{"line":53,"column":1}},"line":45},"8":{"name":"(anonymous_8)","decl":{"start":{"line":48,"column":35},"end":{"line":48,"column":36}},"loc":{"start":{"line":48,"column":48},"end":{"line":48,"column":70}},"line":48},"9":{"name":"searchByQuery","decl":{"start":{"line":55,"column":16},"end":{"line":55,"column":29}},"loc":{"start":{"line":55,"column":40},"end":{"line":74,"column":1}},"line":55},"10":{"name":"(anonymous_10)","decl":{"start":{"line":66,"column":45},"end":{"line":66,"column":46}},"loc":{"start":{"line":67,"column":6},"end":{"line":67,"column":30}},"line":67}},"branchMap":{"0":{"loc":{"start":{"line":60,"column":4},"end":{"line":62,"column":5}},"type":"if","locations":[{"start":{"line":60,"column":4},"end":{"line":62,"column":5}},{"start":{},"end":{}}],"line":60},"1":{"loc":{"start":{"line":60,"column":8},"end":{"line":60,"column":47}},"type":"binary-expr","locations":[{"start":{"line":60,"column":8},"end":{"line":60,"column":19}},{"start":{"line":60,"column":23},"end":{"line":60,"column":47}}],"line":60}},"s":{"0":1,"1":1,"2":1,"3":0,"4":0,"5":0,"6":0,"7":0,"8":0,"9":0,"10":0,"11":0,"12":0,"13":0,"14":0,"15":0,"16":0,"17":0,"18":0,"19":0,"20":0,"21":0,"22":0,"23":0,"24":0,"25":0,"26":0,"27":0,"28":0,"29":0,"30":0,"31":0,"32":0,"33":0},"f":{"0":1,"1":0,"2":0,"3":0,"4":0,"5":0,"6":0,"7":0,"8":0,"9":0,"10":0},"b":{"0":[0,0],"1":[0,0]},"inputSourceMap":null,"_coverageSchema":"1a1c01bbd47fc00a2c39e90264f33305004495a9","hash":"c205493b0a112eace64b83101411b73a80755215"}
,"C:\\Users\\servi\\OneDrive\\Desktop\\Ecommerce\\vite-react\\backend\\controllers\\watchlistController.js": {"path":"C:\\Users\\servi\\OneDrive\\Desktop\\Ecommerce\\vite-react\\backend\\controllers\\watchlistController.js","statementMap":{"0":{"start":{"line":5,"column":20},"end":{"line":5,"column":31}},"1":{"start":{"line":6,"column":20},"end":{"line":6,"column":28}},"2":{"start":{"line":8,"column":26},"end":{"line":8,"column":64}},"3":{"start":{"line":8,"column":48},"end":{"line":8,"column":63}},"4":{"start":{"line":9,"column":24},"end":{"line":9,"column":59}},"5":{"start":{"line":9,"column":39},"end":{"line":9,"column":58}},"6":{"start":{"line":12,"column":4},"end":{"line":42,"column":5}},"7":{"start":{"line":14,"column":25},"end":{"line":14,"column":46}},"8":{"start":{"line":16,"column":29},"end":{"line":16,"column":81}},"9":{"start":{"line":16,"column":52},"end":{"line":16,"column":80}},"10":{"start":{"line":18,"column":8},"end":{"line":36,"column":9}},"11":{"start":{"line":19,"column":12},"end":{"line":22,"column":14}},"12":{"start":{"line":25,"column":12},"end":{"line":29,"column":13}},"13":{"start":{"line":31,"column":12},"end":{"line":34,"column":10}},"14":{"start":{"line":40,"column":8},"end":{"line":40,"column":63}},"15":{"start":{"line":41,"column":8},"end":{"line":41,"column":36}},"16":{"start":{"line":49,"column":18},"end":{"line":49,"column":26}},"17":{"start":{"line":50,"column":18},"end":{"line":50,"column":29}},"18":{"start":{"line":52,"column":4},"end":{"line":70,"column":5}},"19":{"start":{"line":53,"column":29},"end":{"line":53,"column":67}},"20":{"start":{"line":53,"column":51},"end":{"line":53,"column":66}},"21":{"start":{"line":54,"column":28},"end":{"line":54,"column":63}},"22":{"start":{"line":54,"column":43},"end":{"line":54,"column":62}},"23":{"start":{"line":55,"column":28},"end":{"line":55,"column":49}},"24":{"start":{"line":58,"column":22},"end":{"line":58,"column":81}},"25":{"start":{"line":58,"column":53},"end":{"line":58,"column":80}},"26":{"start":{"line":60,"column":8},"end":{"line":62,"column":9}},"27":{"start":{"line":61,"column":12},"end":{"line":61,"column":41}},"28":{"start":{"line":64,"column":8},"end":{"line":67,"column":10}},"29":{"start":{"line":69,"column":8},"end":{"line":69,"column":59}},"30":{"start":{"line":75,"column":4},"end":{"line":88,"column":5}},"31":{"start":{"line":76,"column":23},"end":{"line":76,"column":34}},"32":{"start":{"line":78,"column":24},"end":{"line":78,"column":59}},"33":{"start":{"line":78,"column":39},"end":{"line":78,"column":58}},"34":{"start":{"line":79,"column":4},"end":{"line":79,"column":28}},"35":{"start":{"line":81,"column":4},"end":{"line":81,"column":28}},"36":{"start":{"line":82,"column":4},"end":{"line":85,"column":10}},"37":{"start":{"line":87,"column":8},"end":{"line":87,"column":63}},"38":{"start":{"line":93,"column":19},"end":{"line":93,"column":30}},"39":{"start":{"line":95,"column":24},"end":{"line":95,"column":58}},"40":{"start":{"line":95,"column":38},"end":{"line":95,"column":57}},"41":{"start":{"line":96,"column":4},"end":{"line":98,"column":10}},"42":{"start":{"line":104,"column":4},"end":{"line":115,"column":5}},"43":{"start":{"line":105,"column":21},"end":{"line":105,"column":29}},"44":{"start":{"line":107,"column":25},"end":{"line":107,"column":72}},"45":{"start":{"line":107,"column":49},"end":{"line":107,"column":71}},"46":{"start":{"line":110,"column":4},"end":{"line":110,"column":68}},"47":{"start":{"line":112,"column":4},"end":{"line":112,"column":40}},"48":{"start":{"line":114,"column":8},"end":{"line":114,"column":35}}},"fnMap":{"0":{"name":"addToWatchlist","decl":{"start":{"line":4,"column":22},"end":{"line":4,"column":36}},"loc":{"start":{"line":4,"column":45},"end":{"line":45,"column":1}},"line":4},"1":{"name":"(anonymous_1)","decl":{"start":{"line":8,"column":40},"end":{"line":8,"column":41}},"loc":{"start":{"line":8,"column":48},"end":{"line":8,"column":63}},"line":8},"2":{"name":"(anonymous_2)","decl":{"start":{"line":9,"column":32},"end":{"line":9,"column":33}},"loc":{"start":{"line":9,"column":39},"end":{"line":9,"column":58}},"line":9},"3":{"name":"(anonymous_3)","decl":{"start":{"line":16,"column":44},"end":{"line":16,"column":45}},"loc":{"start":{"line":16,"column":52},"end":{"line":16,"column":80}},"line":16},"4":{"name":"removeFromWatchlist","decl":{"start":{"line":48,"column":22},"end":{"line":48,"column":41}},"loc":{"start":{"line":48,"column":50},"end":{"line":71,"column":1}},"line":48},"5":{"name":"(anonymous_5)","decl":{"start":{"line":53,"column":43},"end":{"line":53,"column":44}},"loc":{"start":{"line":53,"column":51},"end":{"line":53,"column":66}},"line":53},"6":{"name":"(anonymous_6)","decl":{"start":{"line":54,"column":36},"end":{"line":54,"column":37}},"loc":{"start":{"line":54,"column":43},"end":{"line":54,"column":62}},"line":54},"7":{"name":"(anonymous_7)","decl":{"start":{"line":58,"column":46},"end":{"line":58,"column":47}},"loc":{"start":{"line":58,"column":53},"end":{"line":58,"column":80}},"line":58},"8":{"name":"removeAllFromWatchlist","decl":{"start":{"line":74,"column":22},"end":{"line":74,"column":44}},"loc":{"start":{"line":74,"column":53},"end":{"line":90,"column":1}},"line":74},"9":{"name":"(anonymous_9)","decl":{"start":{"line":78,"column":32},"end":{"line":78,"column":33}},"loc":{"start":{"line":78,"column":39},"end":{"line":78,"column":58}},"line":78},"10":{"name":"getWatchlist","decl":{"start":{"line":92,"column":16},"end":{"line":92,"column":28}},"loc":{"start":{"line":92,"column":37},"end":{"line":100,"column":1}},"line":92},"11":{"name":"(anonymous_11)","decl":{"start":{"line":95,"column":32},"end":{"line":95,"column":33}},"loc":{"start":{"line":95,"column":38},"end":{"line":95,"column":57}},"line":95},"12":{"name":"findItemsByIdWatchlist","decl":{"start":{"line":102,"column":16},"end":{"line":102,"column":38}},"loc":{"start":{"line":102,"column":47},"end":{"line":117,"column":1}},"line":102},"13":{"name":"(anonymous_13)","decl":{"start":{"line":107,"column":41},"end":{"line":107,"column":42}},"loc":{"start":{"line":107,"column":49},"end":{"line":107,"column":71}},"line":107}},"branchMap":{"0":{"loc":{"start":{"line":18,"column":8},"end":{"line":36,"column":9}},"type":"if","locations":[{"start":{"line":18,"column":8},"end":{"line":36,"column":9}},{"start":{"line":23,"column":13},"end":{"line":36,"column":9}}],"line":18},"1":{"loc":{"start":{"line":60,"column":8},"end":{"line":62,"column":9}},"type":"if","locations":[{"start":{"line":60,"column":8},"end":{"line":62,"column":9}},{"start":{},"end":{}}],"line":60}},"s":{"0":0,"1":0,"2":0,"3":0,"4":0,"5":0,"6":0,"7":0,"8":0,"9":0,"10":0,"11":0,"12":0,"13":0,"14":0,"15":0,"16":0,"17":0,"18":0,"19":0,"20":0,"21":0,"22":0,"23":0,"24":0,"25":0,"26":0,"27":0,"28":0,"29":0,"30":0,"31":0,"32":0,"33":0,"34":0,"35":0,"36":0,"37":0,"38":0,"39":0,"40":0,"41":0,"42":0,"43":0,"44":0,"45":0,"46":0,"47":0,"48":0},"f":{"0":0,"1":0,"2":0,"3":0,"4":0,"5":0,"6":0,"7":0,"8":0,"9":0,"10":0,"11":0,"12":0,"13":0},"b":{"0":[0,0],"1":[0,0]},"inputSourceMap":null,"_coverageSchema":"1a1c01bbd47fc00a2c39e90264f33305004495a9","hash":"bb18ccdf0c45abea182a34d900b8ebe683c32da6"}
,"C:\\Users\\servi\\OneDrive\\Desktop\\Ecommerce\\vite-react\\backend\\middleware\\TokenVerification.js": {"path":"C:\\Users\\servi\\OneDrive\\Desktop\\Ecommerce\\vite-react\\backend\\middleware\\TokenVerification.js","statementMap":{"0":{"start":{"line":3,"column":0},"end":{"line":3,"column":15}},"1":{"start":{"line":8,"column":21},"end":{"line":8,"column":49}},"2":{"start":{"line":9,"column":14},"end":{"line":9,"column":52}},"3":{"start":{"line":12,"column":2},"end":{"line":14,"column":3}},"4":{"start":{"line":13,"column":4},"end":{"line":13,"column":36}},"5":{"start":{"line":16,"column":2},"end":{"line":18,"column":3}},"6":{"start":{"line":17,"column":4},"end":{"line":17,"column":73}},"7":{"start":{"line":20,"column":2},"end":{"line":24,"column":5}},"8":{"start":{"line":21,"column":4},"end":{"line":21,"column":81}},"9":{"start":{"line":21,"column":13},"end":{"line":21,"column":81}},"10":{"start":{"line":22,"column":4},"end":{"line":22,"column":20}},"11":{"start":{"line":23,"column":4},"end":{"line":23,"column":11}}},"fnMap":{"0":{"name":"authenticateToken","decl":{"start":{"line":6,"column":16},"end":{"line":6,"column":33}},"loc":{"start":{"line":6,"column":50},"end":{"line":25,"column":1}},"line":6},"1":{"name":"(anonymous_1)","decl":{"start":{"line":20,"column":44},"end":{"line":20,"column":45}},"loc":{"start":{"line":20,"column":59},"end":{"line":24,"column":3}},"line":20}},"branchMap":{"0":{"loc":{"start":{"line":9,"column":14},"end":{"line":9,"column":52}},"type":"binary-expr","locations":[{"start":{"line":9,"column":14},"end":{"line":9,"column":24}},{"start":{"line":9,"column":28},"end":{"line":9,"column":52}}],"line":9},"1":{"loc":{"start":{"line":12,"column":2},"end":{"line":14,"column":3}},"type":"if","locations":[{"start":{"line":12,"column":2},"end":{"line":14,"column":3}},{"start":{},"end":{}}],"line":12},"2":{"loc":{"start":{"line":12,"column":6},"end":{"line":12,"column":27}},"type":"binary-expr","locations":[{"start":{"line":12,"column":6},"end":{"line":12,"column":12}},{"start":{"line":12,"column":16},"end":{"line":12,"column":27}}],"line":12},"3":{"loc":{"start":{"line":16,"column":2},"end":{"line":18,"column":3}},"type":"if","locations":[{"start":{"line":16,"column":2},"end":{"line":18,"column":3}},{"start":{},"end":{}}],"line":16},"4":{"loc":{"start":{"line":21,"column":4},"end":{"line":21,"column":81}},"type":"if","locations":[{"start":{"line":21,"column":4},"end":{"line":21,"column":81}},{"start":{},"end":{}}],"line":21}},"s":{"0":1,"1":0,"2":0,"3":0,"4":0,"5":0,"6":0,"7":0,"8":0,"9":0,"10":0,"11":0},"f":{"0":0,"1":0},"b":{"0":[0,0],"1":[0,0],"2":[0,0],"3":[0,0],"4":[0,0]},"inputSourceMap":null,"_coverageSchema":"1a1c01bbd47fc00a2c39e90264f33305004495a9","hash":"23f3ac969f2dceaedc4023366f73b4d9f49f7b5d"}
,"C:\\Users\\servi\\OneDrive\\Desktop\\Ecommerce\\vite-react\\backend\\models\\product.model.js": {"path":"C:\\Users\\servi\\OneDrive\\Desktop\\Ecommerce\\vite-react\\backend\\models\\product.model.js","statementMap":{"0":{"start":{"line":3,"column":21},"end":{"line":68,"column":1}},"1":{"start":{"line":70,"column":14},"end":{"line":70,"column":54}}},"fnMap":{},"branchMap":{},"s":{"0":1,"1":1},"f":{},"b":{},"inputSourceMap":null,"_coverageSchema":"1a1c01bbd47fc00a2c39e90264f33305004495a9","hash":"6e9783c88671b8e9e28381e3f1f7cf37f5357fe1"}
,"C:\\Users\\servi\\OneDrive\\Desktop\\Ecommerce\\vite-react\\backend\\models\\user.model.js": {"path":"C:\\Users\\servi\\OneDrive\\Desktop\\Ecommerce\\vite-react\\backend\\models\\user.model.js","statementMap":{"0":{"start":{"line":3,"column":15},"end":{"line":3,"column":30}},"1":{"start":{"line":5,"column":19},"end":{"line":39,"column":2}},"2":{"start":{"line":41,"column":17},"end":{"line":41,"column":55}}},"fnMap":{},"branchMap":{},"s":{"0":1,"1":1,"2":1},"f":{},"b":{},"inputSourceMap":null,"_coverageSchema":"1a1c01bbd47fc00a2c39e90264f33305004495a9","hash":"e1b7b85d739663c076491fd99d02f8f75838e833"}
,"C:\\Users\\servi\\OneDrive\\Desktop\\Ecommerce\\vite-react\\backend\\routes\\adminRoutes.js": {"path":"C:\\Users\\servi\\OneDrive\\Desktop\\Ecommerce\\vite-react\\backend\\routes\\adminRoutes.js","statementMap":{"0":{"start":{"line":4,"column":15},"end":{"line":4,"column":31}},"1":{"start":{"line":6,"column":0},"end":{"line":6,"column":33}},"2":{"start":{"line":7,"column":0},"end":{"line":7,"column":34}},"3":{"start":{"line":8,"column":0},"end":{"line":8,"column":36}},"4":{"start":{"line":9,"column":0},"end":{"line":9,"column":38}}},"fnMap":{},"branchMap":{},"s":{"0":1,"1":1,"2":1,"3":1,"4":1},"f":{},"b":{},"inputSourceMap":null,"_coverageSchema":"1a1c01bbd47fc00a2c39e90264f33305004495a9","hash":"0c53e6bc75faaeb92706c99d8520e665121d1f20"}
,"C:\\Users\\servi\\OneDrive\\Desktop\\Ecommerce\\vite-react\\backend\\routes\\authRoutes.js": {"path":"C:\\Users\\servi\\OneDrive\\Desktop\\Ecommerce\\vite-react\\backend\\routes\\authRoutes.js","statementMap":{"0":{"start":{"line":5,"column":15},"end":{"line":5,"column":31}},"1":{"start":{"line":7,"column":0},"end":{"line":7,"column":37}},"2":{"start":{"line":8,"column":0},"end":{"line":8,"column":32}},"3":{"start":{"line":9,"column":0},"end":{"line":9,"column":52}},"4":{"start":{"line":10,"column":0},"end":{"line":10,"column":45}},"5":{"start":{"line":11,"column":0},"end":{"line":11,"column":35}},"6":{"start":{"line":12,"column":0},"end":{"line":12,"column":20}}},"fnMap":{},"branchMap":{},"s":{"0":1,"1":1,"2":1,"3":1,"4":1,"5":1,"6":1},"f":{},"b":{},"inputSourceMap":null,"_coverageSchema":"1a1c01bbd47fc00a2c39e90264f33305004495a9","hash":"10ef84ddbd77b2c114c2b3f6199407d425b251dd"}
,"C:\\Users\\servi\\OneDrive\\Desktop\\Ecommerce\\vite-react\\backend\\routes\\cartRoutes.js": {"path":"C:\\Users\\servi\\OneDrive\\Desktop\\Ecommerce\\vite-react\\backend\\routes\\cartRoutes.js","statementMap":{"0":{"start":{"line":3,"column":15},"end":{"line":3,"column":31}},"1":{"start":{"line":5,"column":0},"end":{"line":5,"column":30}},"2":{"start":{"line":6,"column":0},"end":{"line":6,"column":38}},"3":{"start":{"line":7,"column":0},"end":{"line":7,"column":45}},"4":{"start":{"line":8,"column":0},"end":{"line":8,"column":31}},"5":{"start":{"line":9,"column":0},"end":{"line":9,"column":46}}},"fnMap":{},"branchMap":{},"s":{"0":1,"1":1,"2":1,"3":1,"4":1,"5":1},"f":{},"b":{},"inputSourceMap":null,"_coverageSchema":"1a1c01bbd47fc00a2c39e90264f33305004495a9","hash":"deb620e112c504e2ce437e0fc4e957d62e1d5add"}
,"C:\\Users\\servi\\OneDrive\\Desktop\\Ecommerce\\vite-react\\backend\\routes\\likeListRoutes.js": {"path":"C:\\Users\\servi\\OneDrive\\Desktop\\Ecommerce\\vite-react\\backend\\routes\\likeListRoutes.js","statementMap":{"0":{"start":{"line":5,"column":15},"end":{"line":5,"column":23}},"1":{"start":{"line":7,"column":0},"end":{"line":7,"column":33}},"2":{"start":{"line":8,"column":0},"end":{"line":8,"column":41}},"3":{"start":{"line":9,"column":0},"end":{"line":9,"column":48}},"4":{"start":{"line":10,"column":0},"end":{"line":10,"column":30}},"5":{"start":{"line":11,"column":0},"end":{"line":11,"column":32}}},"fnMap":{},"branchMap":{},"s":{"0":1,"1":1,"2":1,"3":1,"4":1,"5":1},"f":{},"b":{},"inputSourceMap":null,"_coverageSchema":"1a1c01bbd47fc00a2c39e90264f33305004495a9","hash":"2be8a81d919f2b04dce3f5ac81e12586797df434"}
,"C:\\Users\\servi\\OneDrive\\Desktop\\Ecommerce\\vite-react\\backend\\routes\\productRoutes.js": {"path":"C:\\Users\\servi\\OneDrive\\Desktop\\Ecommerce\\vite-react\\backend\\routes\\productRoutes.js","statementMap":{"0":{"start":{"line":4,"column":15},"end":{"line":4,"column":23}},"1":{"start":{"line":7,"column":0},"end":{"line":7,"column":30}},"2":{"start":{"line":8,"column":0},"end":{"line":8,"column":44}},"3":{"start":{"line":9,"column":0},"end":{"line":9,"column":47}},"4":{"start":{"line":10,"column":0},"end":{"line":10,"column":38}},"5":{"start":{"line":11,"column":0},"end":{"line":11,"column":28}},"6":{"start":{"line":12,"column":0},"end":{"line":12,"column":29}}},"fnMap":{},"branchMap":{},"s":{"0":1,"1":1,"2":1,"3":1,"4":1,"5":1,"6":1},"f":{},"b":{},"inputSourceMap":null,"_coverageSchema":"1a1c01bbd47fc00a2c39e90264f33305004495a9","hash":"b073a722ebea4ec4893d54b12f45afc068dd377c"}
,"C:\\Users\\servi\\OneDrive\\Desktop\\Ecommerce\\vite-react\\backend\\routes\\watchlistRoutes.js": {"path":"C:\\Users\\servi\\OneDrive\\Desktop\\Ecommerce\\vite-react\\backend\\routes\\watchlistRoutes.js","statementMap":{"0":{"start":{"line":5,"column":15},"end":{"line":5,"column":23}},"1":{"start":{"line":8,"column":0},"end":{"line":8,"column":34}},"2":{"start":{"line":9,"column":0},"end":{"line":9,"column":42}},"3":{"start":{"line":10,"column":0},"end":{"line":10,"column":49}},"4":{"start":{"line":11,"column":0},"end":{"line":11,"column":31}},"5":{"start":{"line":12,"column":0},"end":{"line":12,"column":41}}},"fnMap":{},"branchMap":{},"s":{"0":1,"1":1,"2":1,"3":1,"4":1,"5":1},"f":{},"b":{},"inputSourceMap":null,"_coverageSchema":"1a1c01bbd47fc00a2c39e90264f33305004495a9","hash":"da426c72f08035742cc3eeb4c7ed9deacdfbe089"}
,"C:\\Users\\servi\\OneDrive\\Desktop\\Ecommerce\\vite-react\\backend\\utils\\JwtSession.js": {"path":"C:\\Users\\servi\\OneDrive\\Desktop\\Ecommerce\\vite-react\\backend\\utils\\JwtSession.js","statementMap":{"0":{"start":{"line":3,"column":0},"end":{"line":3,"column":15}},"1":{"start":{"line":9,"column":18},"end":{"line":9,"column":76}},"2":{"start":{"line":10,"column":0},"end":{"line":10,"column":16}},"3":{"start":{"line":18,"column":24},"end":{"line":18,"column":85}},"4":{"start":{"line":19,"column":4},"end":{"line":19,"column":23}}},"fnMap":{"0":{"name":"accessTokenCreation","decl":{"start":{"line":7,"column":16},"end":{"line":7,"column":35}},"loc":{"start":{"line":7,"column":44},"end":{"line":13,"column":1}},"line":7},"1":{"name":"refreshTokenCreation","decl":{"start":{"line":16,"column":16},"end":{"line":16,"column":36}},"loc":{"start":{"line":16,"column":45},"end":{"line":20,"column":1}},"line":16}},"branchMap":{},"s":{"0":1,"1":0,"2":0,"3":0,"4":0},"f":{"0":0,"1":0},"b":{},"inputSourceMap":null,"_coverageSchema":"1a1c01bbd47fc00a2c39e90264f33305004495a9","hash":"67b338396a27e2f8334bdee34243da657e4600ad"}
,"C:\\Users\\servi\\OneDrive\\Desktop\\Ecommerce\\vite-react\\backend\\utils\\hashPassword.js": {"path":"C:\\Users\\servi\\OneDrive\\Desktop\\Ecommerce\\vite-react\\backend\\utils\\hashPassword.js","statementMap":{"0":{"start":{"line":2,"column":17},"end":{"line":2,"column":19}},"1":{"start":{"line":5,"column":12},"end":{"line":5,"column":44}},"2":{"start":{"line":6,"column":23},"end":{"line":6,"column":64}},"3":{"start":{"line":7,"column":0},"end":{"line":7,"column":22}},"4":{"start":{"line":13,"column":26},"end":{"line":13,"column":80}},"5":{"start":{"line":14,"column":0},"end":{"line":14,"column":25}}},"fnMap":{"0":{"name":"hashPassword","decl":{"start":{"line":3,"column":22},"end":{"line":3,"column":34}},"loc":{"start":{"line":3,"column":53},"end":{"line":9,"column":1}},"line":3},"1":{"name":"checkPassword","decl":{"start":{"line":11,"column":22},"end":{"line":11,"column":35}},"loc":{"start":{"line":11,"column":69},"end":{"line":15,"column":1}},"line":11}},"branchMap":{},"s":{"0":1,"1":0,"2":0,"3":0,"4":0,"5":0},"f":{"0":0,"1":0},"b":{},"inputSourceMap":null,"_coverageSchema":"1a1c01bbd47fc00a2c39e90264f33305004495a9","hash":"3a6731ab8107398d284f97dfe44c2157532c147b"}
}
