TN:
SF:app.js
FNF:0
FNH:0
DA:12,1
DA:13,1
DA:14,1
DA:18,1
DA:19,1
DA:25,1
DA:26,1
DA:27,1
DA:28,1
DA:29,1
DA:30,1
DA:31,1
LF:12
LH:12
BRF:0
BRH:0
end_of_record
TN:
SF:config\db.js
FN:4,DbConnection
FNF:1
FNH:1
FNDA:1,DbConnection
DA:5,1
DA:6,1
DA:7,1
DA:9,0
LF:4
LH:3
BRF:0
BRH:0
end_of_record
TN:
SF:config\localDB.js
FNF:0
FNH:0
DA:1,1
DA:37,1
LF:2
LH:2
BRF:0
BRH:0
end_of_record
TN:
SF:config\seedItems.js
FN:4,seedProducts
FN:14,seedUsers
FNF:2
FNH:0
FNDA:0,seedProducts
FNDA:0,seedUsers
DA:5,0
DA:6,0
DA:7,0
DA:8,0
DA:10,0
DA:15,0
DA:16,0
DA:17,0
DA:18,0
DA:20,0
DA:24,1
DA:283,1
LF:12
LH:2
BRDA:6,0,0,0
BRDA:6,0,1,0
BRDA:16,1,0,0
BRDA:16,1,1,0
BRF:4
BRH:0
end_of_record
TN:
SF:controllers\adminController.js
FN:3,getAllProducts
FN:15,addNewProduct
FN:59,removeProduct
FN:62,(anonymous_3)
FN:74,updateProduct
FN:76,(anonymous_5)
FNF:6
FNH:0
FNDA:0,getAllProducts
FNDA:0,addNewProduct
FNDA:0,removeProduct
FNDA:0,(anonymous_3)
FNDA:0,updateProduct
FNDA:0,(anonymous_5)
DA:4,0
DA:5,0
DA:6,0
DA:8,0
DA:9,0
DA:16,0
DA:29,0
DA:31,0
DA:45,0
DA:47,0
DA:50,0
DA:52,0
DA:53,0
DA:60,0
DA:62,0
DA:64,0
DA:65,0
DA:66,0
DA:67,0
DA:69,0
DA:70,0
DA:75,0
DA:76,0
DA:78,0
DA:79,0
DA:80,0
DA:84,0
LF:27
LH:0
BRDA:64,0,0,0
BRDA:64,0,1,0
BRDA:79,1,0,0
BRDA:79,1,1,0
BRDA:79,2,0,0
BRDA:79,2,1,0
BRF:6
BRH:0
end_of_record
TN:
SF:controllers\authController.js
FN:12,RegisterUser
FN:40,LoginUser
FN:50,(anonymous_2)
FN:69,CookieCreation
FN:102,LogoutUser
FN:113,ShowAllUsers
FN:122,generateNewAccessToken
FN:128,(anonymous_7)
FN:143,Me
FNF:9
FNH:0
FNDA:0,RegisterUser
FNDA:0,LoginUser
FNDA:0,(anonymous_2)
FNDA:0,CookieCreation
FNDA:0,LogoutUser
FNDA:0,ShowAllUsers
FNDA:0,generateNewAccessToken
FNDA:0,(anonymous_7)
FNDA:0,Me
DA:7,1
DA:13,0
DA:14,0
DA:17,0
DA:18,0
DA:19,0
DA:27,0
DA:28,0
DA:33,0
DA:41,0
DA:42,0
DA:43,0
DA:46,0
DA:47,0
DA:50,0
DA:52,0
DA:53,0
DA:56,0
DA:58,0
DA:59,0
DA:60,0
DA:63,0
DA:71,0
DA:80,0
DA:83,0
DA:85,0
DA:96,0
DA:104,0
DA:110,0
DA:116,0
DA:118,0
DA:124,0
DA:125,0
DA:128,0
DA:129,0
DA:132,0
DA:136,0
DA:137,0
DA:144,0
DA:145,0
DA:146,0
DA:149,0
DA:150,0
DA:151,0
DA:153,0
DA:154,0
LF:46
LH:1
BRDA:14,0,0,0
BRDA:14,0,1,0
BRDA:14,1,0,0
BRDA:14,1,1,0
BRDA:14,1,2,0
BRDA:42,2,0,0
BRDA:42,2,1,0
BRDA:42,3,0,0
BRDA:42,3,1,0
BRDA:52,4,0,0
BRDA:52,4,1,0
BRDA:59,5,0,0
BRDA:59,5,1,0
BRDA:125,6,0,0
BRDA:125,6,1,0
BRDA:129,7,0,0
BRDA:129,7,1,0
BRDA:145,8,0,0
BRDA:145,8,1,0
BRF:19
BRH:0
end_of_record
TN:
SF:controllers\cartController.js
FN:4,AddToCart
FN:9,(anonymous_1)
FN:16,(anonymous_2)
FN:27,SubtractQuantityByOne
FN:31,(anonymous_4)
FN:38,(anonymous_5)
FN:48,(anonymous_6)
FN:60,RemoveFromCart
FN:65,(anonymous_8)
FN:75,(anonymous_9)
FN:83,RemoveAllFromCart
FN:86,(anonymous_11)
FN:100,GetCartItems
FN:106,(anonymous_13)
FN:112,(anonymous_14)
FN:117,(anonymous_15)
FN:119,(anonymous_16)
FNF:17
FNH:0
FNDA:0,AddToCart
FNDA:0,(anonymous_1)
FNDA:0,(anonymous_2)
FNDA:0,SubtractQuantityByOne
FNDA:0,(anonymous_4)
FNDA:0,(anonymous_5)
FNDA:0,(anonymous_6)
FNDA:0,RemoveFromCart
FNDA:0,(anonymous_8)
FNDA:0,(anonymous_9)
FNDA:0,RemoveAllFromCart
FNDA:0,(anonymous_11)
FNDA:0,GetCartItems
FNDA:0,(anonymous_13)
FNDA:0,(anonymous_14)
FNDA:0,(anonymous_15)
FNDA:0,(anonymous_16)
DA:3,1
DA:6,0
DA:7,0
DA:9,0
DA:10,0
DA:11,0
DA:14,0
DA:16,0
DA:18,0
DA:19,0
DA:21,0
DA:25,0
DA:28,0
DA:29,0
DA:30,0
DA:31,0
DA:32,0
DA:33,0
DA:36,0
DA:38,0
DA:40,0
DA:41,0
DA:42,0
DA:45,0
DA:48,0
DA:51,0
DA:53,0
DA:57,0
DA:61,0
DA:62,0
DA:65,0
DA:67,0
DA:68,0
DA:72,0
DA:75,0
DA:78,0
DA:81,0
DA:85,0
DA:86,0
DA:88,0
DA:89,0
DA:91,0
DA:93,0
DA:101,0
DA:102,0
DA:103,0
DA:105,0
DA:106,0
DA:107,0
DA:108,0
DA:110,0
DA:112,0
DA:113,0
DA:114,0
DA:117,0
DA:119,0
DA:120,0
DA:121,0
DA:122,0
DA:123,0
DA:124,0
DA:126,0
DA:131,0
LF:63
LH:1
BRDA:10,0,0,0
BRDA:10,0,1,0
BRDA:14,1,0,0
BRDA:14,1,1,0
BRDA:18,2,0,0
BRDA:18,2,1,0
BRDA:32,3,0,0
BRDA:32,3,1,0
BRDA:36,4,0,0
BRDA:36,4,1,0
BRDA:40,5,0,0
BRDA:40,5,1,0
BRDA:40,6,0,0
BRDA:40,6,1,0
BRDA:45,7,0,0
BRDA:45,7,1,0
BRDA:67,8,0,0
BRDA:67,8,1,0
BRDA:72,9,0,0
BRDA:72,9,1,0
BRDA:88,10,0,0
BRDA:88,10,1,0
BRDA:107,11,0,0
BRDA:107,11,1,0
BRDA:110,12,0,0
BRDA:110,12,1,0
BRF:26
BRH:0
end_of_record
TN:
SF:controllers\likelistController.js
FN:4,addToLikeList
FN:8,(anonymous_1)
FN:9,(anonymous_2)
FN:16,(anonymous_3)
FN:48,removeFromLikeList
FN:53,(anonymous_5)
FN:54,(anonymous_6)
FN:58,(anonymous_7)
FN:74,removeAllFromLikeList
FN:78,(anonymous_9)
FN:92,getLikeList
FN:95,(anonymous_11)
FN:102,findItemsById
FN:107,(anonymous_13)
FNF:14
FNH:0
FNDA:0,addToLikeList
FNDA:0,(anonymous_1)
FNDA:0,(anonymous_2)
FNDA:0,(anonymous_3)
FNDA:0,removeFromLikeList
FNDA:0,(anonymous_5)
FNDA:0,(anonymous_6)
FNDA:0,(anonymous_7)
FNDA:0,removeAllFromLikeList
FNDA:0,(anonymous_9)
FNDA:0,getLikeList
FNDA:0,(anonymous_11)
FNDA:0,findItemsById
FNDA:0,(anonymous_13)
DA:5,0
DA:6,0
DA:8,0
DA:9,0
DA:12,0
DA:14,0
DA:16,0
DA:18,0
DA:19,0
DA:25,0
DA:31,0
DA:40,0
DA:41,0
DA:49,0
DA:50,0
DA:52,0
DA:53,0
DA:54,0
DA:55,0
DA:58,0
DA:60,0
DA:61,0
DA:64,0
DA:69,0
DA:75,0
DA:76,0
DA:78,0
DA:79,0
DA:81,0
DA:82,0
DA:87,0
DA:93,0
DA:95,0
DA:96,0
DA:104,0
DA:105,0
DA:107,0
DA:110,0
DA:112,0
DA:114,0
LF:40
LH:0
BRDA:18,0,0,0
BRDA:18,0,1,0
BRDA:60,1,0,0
BRDA:60,1,1,0
BRF:4
BRH:0
end_of_record
TN:
SF:controllers\product.controller.js
FN:3,allProducts
FN:12,flashSaleProducts
FN:15,(anonymous_2)
FN:23,bestSellingProducts
FN:26,(anonymous_4)
FN:34,exploreProducts
FN:37,(anonymous_6)
FN:45,fetchById
FN:48,(anonymous_8)
FN:55,searchByQuery
FN:66,(anonymous_10)
FNF:11
FNH:1
FNDA:1,allProducts
FNDA:0,flashSaleProducts
FNDA:0,(anonymous_2)
FNDA:0,bestSellingProducts
FNDA:0,(anonymous_4)
FNDA:0,exploreProducts
FNDA:0,(anonymous_6)
FNDA:0,fetchById
FNDA:0,(anonymous_8)
FNDA:0,searchByQuery
FNDA:0,(anonymous_10)
DA:4,1
DA:5,1
DA:6,1
DA:8,0
DA:13,0
DA:14,0
DA:15,0
DA:17,0
DA:19,0
DA:24,0
DA:25,0
DA:26,0
DA:28,0
DA:30,0
DA:35,0
DA:36,0
DA:37,0
DA:39,0
DA:41,0
DA:46,0
DA:47,0
DA:48,0
DA:49,0
DA:51,0
DA:56,0
DA:57,0
DA:60,0
DA:61,0
DA:64,0
DA:66,0
DA:67,0
DA:70,0
DA:72,0
LF:33
LH:3
BRDA:60,0,0,0
BRDA:60,0,1,0
BRDA:60,1,0,0
BRDA:60,1,1,0
BRF:4
BRH:0
end_of_record
TN:
SF:controllers\watchlistController.js
FN:4,addToWatchlist
FN:8,(anonymous_1)
FN:9,(anonymous_2)
FN:16,(anonymous_3)
FN:48,removeFromWatchlist
FN:53,(anonymous_5)
FN:54,(anonymous_6)
FN:58,(anonymous_7)
FN:74,removeAllFromWatchlist
FN:78,(anonymous_9)
FN:92,getWatchlist
FN:95,(anonymous_11)
FN:102,findItemsByIdWatchlist
FN:107,(anonymous_13)
FNF:14
FNH:0
FNDA:0,addToWatchlist
FNDA:0,(anonymous_1)
FNDA:0,(anonymous_2)
FNDA:0,(anonymous_3)
FNDA:0,removeFromWatchlist
FNDA:0,(anonymous_5)
FNDA:0,(anonymous_6)
FNDA:0,(anonymous_7)
FNDA:0,removeAllFromWatchlist
FNDA:0,(anonymous_9)
FNDA:0,getWatchlist
FNDA:0,(anonymous_11)
FNDA:0,findItemsByIdWatchlist
FNDA:0,(anonymous_13)
DA:5,0
DA:6,0
DA:8,0
DA:9,0
DA:12,0
DA:14,0
DA:16,0
DA:18,0
DA:19,0
DA:25,0
DA:31,0
DA:40,0
DA:41,0
DA:49,0
DA:50,0
DA:52,0
DA:53,0
DA:54,0
DA:55,0
DA:58,0
DA:60,0
DA:61,0
DA:64,0
DA:69,0
DA:75,0
DA:76,0
DA:78,0
DA:79,0
DA:81,0
DA:82,0
DA:87,0
DA:93,0
DA:95,0
DA:96,0
DA:104,0
DA:105,0
DA:107,0
DA:110,0
DA:112,0
DA:114,0
LF:40
LH:0
BRDA:18,0,0,0
BRDA:18,0,1,0
BRDA:60,1,0,0
BRDA:60,1,1,0
BRF:4
BRH:0
end_of_record
TN:
SF:middleware\TokenVerification.js
FN:6,authenticateToken
FN:20,(anonymous_1)
FNF:2
FNH:0
FNDA:0,authenticateToken
FNDA:0,(anonymous_1)
DA:3,1
DA:8,0
DA:9,0
DA:12,0
DA:13,0
DA:16,0
DA:17,0
DA:20,0
DA:21,0
DA:22,0
DA:23,0
LF:11
LH:1
BRDA:9,0,0,0
BRDA:9,0,1,0
BRDA:12,1,0,0
BRDA:12,1,1,0
BRDA:12,2,0,0
BRDA:12,2,1,0
BRDA:16,3,0,0
BRDA:16,3,1,0
BRDA:21,4,0,0
BRDA:21,4,1,0
BRF:10
BRH:0
end_of_record
TN:
SF:models\product.model.js
FNF:0
FNH:0
DA:3,1
DA:70,1
LF:2
LH:2
BRF:0
BRH:0
end_of_record
TN:
SF:models\user.model.js
FNF:0
FNH:0
DA:3,1
DA:5,1
DA:41,1
LF:3
LH:3
BRF:0
BRH:0
end_of_record
TN:
SF:routes\adminRoutes.js
FNF:0
FNH:0
DA:4,1
DA:6,1
DA:7,1
DA:8,1
DA:9,1
LF:5
LH:5
BRF:0
BRH:0
end_of_record
TN:
SF:routes\authRoutes.js
FNF:0
FNH:0
DA:5,1
DA:7,1
DA:8,1
DA:9,1
DA:10,1
DA:11,1
DA:12,1
LF:7
LH:7
BRF:0
BRH:0
end_of_record
TN:
SF:routes\cartRoutes.js
FNF:0
FNH:0
DA:3,1
DA:5,1
DA:6,1
DA:7,1
DA:8,1
DA:9,1
LF:6
LH:6
BRF:0
BRH:0
end_of_record
TN:
SF:routes\likeListRoutes.js
FNF:0
FNH:0
DA:5,1
DA:7,1
DA:8,1
DA:9,1
DA:10,1
DA:11,1
LF:6
LH:6
BRF:0
BRH:0
end_of_record
TN:
SF:routes\productRoutes.js
FNF:0
FNH:0
DA:4,1
DA:7,1
DA:8,1
DA:9,1
DA:10,1
DA:11,1
DA:12,1
LF:7
LH:7
BRF:0
BRH:0
end_of_record
TN:
SF:routes\watchlistRoutes.js
FNF:0
FNH:0
DA:5,1
DA:8,1
DA:9,1
DA:10,1
DA:11,1
DA:12,1
LF:6
LH:6
BRF:0
BRH:0
end_of_record
TN:
SF:utils\JwtSession.js
FN:7,accessTokenCreation
FN:16,refreshTokenCreation
FNF:2
FNH:0
FNDA:0,accessTokenCreation
FNDA:0,refreshTokenCreation
DA:3,1
DA:9,0
DA:10,0
DA:18,0
DA:19,0
LF:5
LH:1
BRF:0
BRH:0
end_of_record
TN:
SF:utils\hashPassword.js
FN:3,hashPassword
FN:11,checkPassword
FNF:2
FNH:0
FNDA:0,hashPassword
FNDA:0,checkPassword
DA:2,1
DA:5,0
DA:6,0
DA:7,0
DA:13,0
DA:14,0
LF:6
LH:1
BRF:0
BRH:0
end_of_record
